<?xml version="1.0" encoding="UTF-8"?>
<testng-results skipped="0" failed="1" ignored="0" total="1" passed="0">
  <reporter-output>
  </reporter-output>
  <suite name="Default suite" duration-ms="66565" started-at="2018-10-27T22:33:05Z" finished-at="2018-10-27T22:34:11Z">
    <groups>
    </groups>
    <test name="Default test" duration-ms="66565" started-at="2018-10-27T22:33:05Z" finished-at="2018-10-27T22:34:11Z">
      <class name="testcases.AddtoCartSuperMarket">
        <test-method status="PASS" signature="beforeSuite()[pri:0, instance:testcases.AddtoCartSuperMarket@b738bb]" name="beforeSuite" is-config="true" duration-ms="2061" started-at="2018-10-27T22:33:03Z" finished-at="2018-10-27T22:33:05Z">
          <reporter-output>
          </reporter-output>
        </test-method> <!-- beforeSuite -->
        <test-method status="PASS" signature="setData()[pri:0, instance:testcases.AddtoCartSuperMarket@b738bb]" name="setData" is-config="true" duration-ms="0" started-at="2018-10-27T22:33:05Z" finished-at="2018-10-27T22:33:05Z">
          <reporter-output>
          </reporter-output>
        </test-method> <!-- setData -->
        <test-method status="PASS" signature="beforeClass()[pri:0, instance:testcases.AddtoCartSuperMarket@b738bb]" name="beforeClass" is-config="true" duration-ms="4" started-at="2018-10-27T22:33:05Z" finished-at="2018-10-27T22:33:05Z">
          <reporter-output>
          </reporter-output>
        </test-method> <!-- beforeClass -->
        <test-method status="PASS" signature="beforeMethod()[pri:0, instance:testcases.AddtoCartSuperMarket@b738bb]" name="beforeMethod" is-config="true" duration-ms="16479" started-at="2018-10-27T22:33:06Z" finished-at="2018-10-27T22:33:23Z">
          <reporter-output>
          </reporter-output>
        </test-method> <!-- beforeMethod -->
        <test-method status="FAIL" signature="addtocart(java.lang.String, java.lang.String, java.lang.String)[pri:0, instance:testcases.AddtoCartSuperMarket@b738bb]" name="addtocart" duration-ms="48858" started-at="2018-10-27T22:33:23Z" data-provider="fetchData" finished-at="2018-10-27T22:34:11Z">
          <params>
            <param index="0">
              <value>
                <![CDATA[u.arjunkumar@gmail.com]]>
              </value>
            </param>
            <param index="1">
              <value>
                <![CDATA[Hitman12$]]>
              </value>
            </param>
            <param index="2">
              <value>
                <![CDATA[mobile]]>
              </value>
            </param>
          </params>
          <exception class="java.lang.NullPointerException">
            <full-stacktrace>
              <![CDATA[java.lang.NullPointerException
at org.openqa.selenium.remote.internal.WebElementToJsonConverter.apply(WebElementToJsonConverter.java:60)
at java.util.stream.ReferencePipeline$3$1.accept(ReferencePipeline.java:193)
at java.util.Spliterators$ArraySpliterator.forEachRemaining(Spliterators.java:948)
at java.util.stream.AbstractPipeline.copyInto(AbstractPipeline.java:512)
at java.util.stream.AbstractPipeline.wrapAndCopyInto(AbstractPipeline.java:502)
at java.util.stream.ReduceOps$ReduceOp.evaluateSequential(ReduceOps.java:708)
at java.util.stream.AbstractPipeline.evaluate(AbstractPipeline.java:234)
at java.util.stream.ReferencePipeline.collect(ReferencePipeline.java:499)
at org.openqa.selenium.remote.RemoteWebDriver.executeScript(RemoteWebDriver.java:477)
at wdMethods.SeMethods.highLighterMethod(SeMethods.java:507)
at pages.Searchresults_SM.addingtocart(Searchresults_SM.java:31)
at testcases.AddtoCartSuperMarket.addtocart(AddtoCartSuperMarket.java:30)
at sun.reflect.NativeMethodAccessorImpl.invoke0(Native Method)
at sun.reflect.NativeMethodAccessorImpl.invoke(NativeMethodAccessorImpl.java:62)
at sun.reflect.DelegatingMethodAccessorImpl.invoke(DelegatingMethodAccessorImpl.java:43)
at java.lang.reflect.Method.invoke(Method.java:483)
at org.testng.internal.MethodInvocationHelper.invokeMethod(MethodInvocationHelper.java:124)
at org.testng.internal.Invoker.invokeMethod(Invoker.java:583)
at org.testng.internal.Invoker.invokeTestMethod(Invoker.java:719)
at org.testng.internal.Invoker.invokeTestMethods(Invoker.java:989)
at org.testng.internal.TestMethodWorker.invokeTestMethods(TestMethodWorker.java:125)
at org.testng.internal.TestMethodWorker.run(TestMethodWorker.java:109)
at org.testng.TestRunner.privateRun(TestRunner.java:648)
at org.testng.TestRunner.run(TestRunner.java:505)
at org.testng.SuiteRunner.runTest(SuiteRunner.java:455)
at org.testng.SuiteRunner.runSequentially(SuiteRunner.java:450)
at org.testng.SuiteRunner.privateRun(SuiteRunner.java:415)
at org.testng.SuiteRunner.run(SuiteRunner.java:364)
at org.testng.SuiteRunnerWorker.runSuite(SuiteRunnerWorker.java:52)
at org.testng.SuiteRunnerWorker.run(SuiteRunnerWorker.java:84)
at org.testng.TestNG.runSuitesSequentially(TestNG.java:1208)
at org.testng.TestNG.runSuitesLocally(TestNG.java:1137)
at org.testng.TestNG.runSuites(TestNG.java:1049)
at org.testng.TestNG.run(TestNG.java:1017)
at org.testng.remote.AbstractRemoteTestNG.run(AbstractRemoteTestNG.java:114)
at org.testng.remote.RemoteTestNG.initAndRun(RemoteTestNG.java:251)
at org.testng.remote.RemoteTestNG.main(RemoteTestNG.java:77)
]]>
            </full-stacktrace>
          </exception> <!-- java.lang.NullPointerException -->
          <reporter-output>
          </reporter-output>
        </test-method> <!-- addtocart -->
        <test-method status="PASS" signature="afterMethod()[pri:0, instance:testcases.AddtoCartSuperMarket@b738bb]" name="afterMethod" is-config="true" duration-ms="0" started-at="2018-10-27T22:34:11Z" finished-at="2018-10-27T22:34:11Z">
          <reporter-output>
          </reporter-output>
        </test-method> <!-- afterMethod -->
        <test-method status="PASS" signature="afterTest()[pri:0, instance:testcases.AddtoCartSuperMarket@b738bb]" name="afterTest" is-config="true" duration-ms="0" started-at="2018-10-27T22:34:11Z" finished-at="2018-10-27T22:34:11Z">
          <reporter-output>
          </reporter-output>
        </test-method> <!-- afterTest -->
        <test-method status="PASS" signature="afterSuite()[pri:0, instance:testcases.AddtoCartSuperMarket@b738bb]" name="afterSuite" is-config="true" duration-ms="1266" started-at="2018-10-27T22:34:12Z" finished-at="2018-10-27T22:34:13Z">
          <reporter-output>
          </reporter-output>
        </test-method> <!-- afterSuite -->
      </class> <!-- testcases.AddtoCartSuperMarket -->
    </test> <!-- Default test -->
  </suite> <!-- Default suite -->
</testng-results>
